<?xml version="1.0" encoding="UTF-8"?>
<!-- Generated by org.testng.reporters.JUnitReportReporter -->
<testsuite hostname="DESKTOP-QHVMIJE" failures="0" tests="4" name="Class48_First_TestNG.SecondExpl_Priority" time="0.013" errors="0" timestamp="2024-10-22T05:41:34 CEST" skipped="0">
  <testcase classname="Class48_First_TestNG.SecondExpl_Priority" name="login" time="0.008"/>
  <testcase classname="Class48_First_TestNG.SecondExpl_Priority" name="makePayment" time="0.002"/>
  <testcase classname="Class48_First_TestNG.SecondExpl_Priority" name="getReceipt" time="0.001"/>
  <testcase classname="Class48_First_TestNG.SecondExpl_Priority" name="logout" time="0.002"/>
</testsuite> <!-- Class48_First_TestNG.SecondExpl_Priority -->
