<?xml version="1.0" encoding="UTF-8"?>
<!-- Generated by org.testng.reporters.JUnitReportReporter -->
<testsuite hostname="DESKTOP-QHVMIJE" failures="0" tests="3" name="Class53_DDT.DDT_2" time="4.741" errors="0" timestamp="2024-10-27T06:58:24 CET" skipped="0">
  <testcase classname="Class53_DDT.DDT_2" name="test1" time="1.440"/>
  <testcase classname="Class53_DDT.DDT_2" name="test1" time="1.414"/>
  <testcase classname="Class53_DDT.DDT_2" name="test1" time="1.887"/>
</testsuite> <!-- Class53_DDT.DDT_2 -->
