<?xml version="1.0" encoding="UTF-8"?>
<!-- Generated by org.testng.reporters.JUnitReportReporter -->
<testsuite hostname="DESKTOP-QHVMIJE" failures="0" tests="3" name="Class50_withXML.Child" time="0.003" errors="0" timestamp="2024-10-25T12:28:51 CEST" skipped="0">
  <testcase classname="Class50_withXML.Child" name="Method1" time="0.001"/>
  <testcase classname="Class50_withXML.Child" name="Method2" time="0.001"/>
  <testcase classname="Class50_withXML.Child" name="test9" time="0.001"/>
</testsuite> <!-- Class50_withXML.Child -->
