<?xml version="1.0" encoding="UTF-8"?>
<!-- Generated by org.testng.reporters.JUnitReportReporter -->
<testsuite hostname="DESKTOP-QHVMIJE" failures="0" tests="1" name="Class48_First_TestNG.FirstExample" time="0.010" errors="0" timestamp="2024-10-22T03:12:21 CEST" skipped="0">
  <testcase classname="Class48_First_TestNG.FirstExample" name="test" time="0.010"/>
</testsuite> <!-- Class48_First_TestNG.FirstExample -->
