<?xml version="1.0" encoding="UTF-8"?>
<!-- Generated by org.testng.reporters.JUnitReportReporter -->
<testsuite hostname="DESKTOP-QHVMIJE" failures="0" tests="2" name="Assignments_TestNG.Assignment1" time="0.009" errors="0" timestamp="2024-11-27T17:13:39 CET" skipped="0">
  <testcase classname="Assignments_TestNG.Assignment1" name="test2" time="0.001"/>
  <testcase classname="Assignments_TestNG.Assignment1" name="test1" time="0.008"/>
</testsuite> <!-- Assignments_TestNG.Assignment1 -->
