<?xml version="1.0" encoding="UTF-8"?>
<!-- Generated by org.testng.reporters.JUnitReportReporter -->
<testsuite hostname="DESKTOP-QHVMIJE" failures="0" tests="2" name="Class52_Parallel.Parallel_class3" time="0.002" errors="0" timestamp="2024-10-27T05:39:34 CET" skipped="0">
  <testcase classname="Class52_Parallel.Parallel_class3" name="tets1" time="0.000"/>
  <testcase classname="Class52_Parallel.Parallel_class3" name="tets2" time="0.002"/>
</testsuite> <!-- Class52_Parallel.Parallel_class3 -->
