<?xml version="1.0" encoding="UTF-8"?>
<!-- Generated by org.testng.reporters.JUnitReportReporter -->
<testsuite hostname="DESKTOP-QHVMIJE" failures="0" tests="3" name="Class53_DDT.DDT_1" time="0.009" errors="0" timestamp="2024-10-23T06:45:40 CEST" skipped="0">
  <testcase classname="Class53_DDT.DDT_1" name="test1" time="0.001"/>
  <testcase classname="Class53_DDT.DDT_1" name="test1" time="0.007"/>
  <testcase classname="Class53_DDT.DDT_1" name="test1" time="0.001"/>
</testsuite> <!-- Class53_DDT.DDT_1 -->
