<?xml version="1.0" encoding="UTF-8"?>
<!-- Generated by org.testng.reporters.JUnitReportReporter -->
<testsuite hostname="DESKTOP-QHVMIJE" failures="0" tests="1" name="Class50_withXML.BaseClass" time="0.005" errors="0" timestamp="2024-10-25T12:28:51 CEST" skipped="0">
  <testcase classname="Class50_withXML.BaseClass" name="test9" time="0.005"/>
</testsuite> <!-- Class50_withXML.BaseClass -->
