<?xml version="1.0" encoding="UTF-8"?>
<!-- Generated by org.testng.reporters.JUnitReportReporter -->
<testsuite hostname="DESKTOP-QHVMIJE" failures="0" tests="3" name="Class50_withXML.SamapleWithXML" time="0.011" errors="0" timestamp="2024-10-25T07:20:15 CEST" skipped="0">
  <testcase classname="Class50_withXML.SamapleWithXML" name="test1" time="0.008"/>
  <testcase classname="Class50_withXML.SamapleWithXML" name="test2" time="0.001"/>
  <testcase classname="Class50_withXML.SamapleWithXML" name="test3" time="0.002"/>
</testsuite> <!-- Class50_withXML.SamapleWithXML -->
