<?xml version="1.0" encoding="UTF-8"?>
<!-- Generated by org.testng.reporters.JUnitReportReporter -->
<testsuite hostname="DESKTOP-QHVMIJE" failures="0" tests="1" name="Class54_ReadingEXCEL.Sample_Reading" time="0.583" errors="0" timestamp="2024-10-28T02:43:46 CET" skipped="0">
  <testcase classname="Class54_ReadingEXCEL.Sample_Reading" name="test" time="0.583"/>
</testsuite> <!-- Class54_ReadingEXCEL.Sample_Reading -->
