<?xml version="1.0" encoding="UTF-8"?>
<!-- Generated by org.testng.reporters.JUnitReportReporter -->
<testsuite hostname="DESKTOP-QHVMIJE" failures="0" tests="6" name="Class52_Parallel.Parallel_Method" time="0.045" errors="0" timestamp="2024-10-27T05:32:06 CET" skipped="0">
  <testcase classname="Class52_Parallel.Parallel_Method" name="tets4" time="0.002"/>
  <testcase classname="Class52_Parallel.Parallel_Method" name="tets6" time="0.001"/>
  <testcase classname="Class52_Parallel.Parallel_Method" name="tets2" time="0.013"/>
  <testcase classname="Class52_Parallel.Parallel_Method" name="tets1" time="0.014"/>
  <testcase classname="Class52_Parallel.Parallel_Method" name="tets5" time="0.001"/>
  <testcase classname="Class52_Parallel.Parallel_Method" name="tets3" time="0.014"/>
</testsuite> <!-- Class52_Parallel.Parallel_Method -->
