<?xml version="1.0" encoding="UTF-8"?>
<!-- Generated by org.testng.reporters.JUnitReportReporter -->
<testsuite hostname="DESKTOP-QHVMIJE" failures="0" tests="3" name="Class54_ReadingEXCEL.Sample_Reading2" time="13.568" errors="0" timestamp="2024-10-29T05:13:29 CET" skipped="0">
  <testcase classname="Class54_ReadingEXCEL.Sample_Reading2" name="test1" time="4.384"/>
  <testcase classname="Class54_ReadingEXCEL.Sample_Reading2" name="test1" time="4.385"/>
  <testcase classname="Class54_ReadingEXCEL.Sample_Reading2" name="test1" time="4.799"/>
</testsuite> <!-- Class54_ReadingEXCEL.Sample_Reading2 -->
