<?xml version="1.0" encoding="UTF-8"?>
<!-- Generated by org.testng.reporters.JUnitReportReporter -->
<testsuite hostname="DESKTOP-QHVMIJE" failures="0" tests="2" name="Class53_DDT.DDT" time="0.008" errors="0" timestamp="2024-10-27T06:54:43 CET" skipped="0">
  <testcase classname="Class53_DDT.DDT" name="test1" time="0.001"/>
  <testcase classname="Class53_DDT.DDT" name="test1" time="0.007"/>
</testsuite> <!-- Class53_DDT.DDT -->
