<?xml version="1.0" encoding="UTF-8"?>
<!-- Generated by org.testng.reporters.JUnitReportReporter -->
<testsuite hostname="DESKTOP-QHVMIJE" failures="0" tests="4" name="Class52_Parallel.Parallel_class1" time="0.014" errors="0" timestamp="2024-10-27T05:39:34 CET" skipped="0">
  <testcase classname="Class52_Parallel.Parallel_class1" name="tets4" time="0.002"/>
  <testcase classname="Class52_Parallel.Parallel_class1" name="tets1" time="0.010"/>
  <testcase classname="Class52_Parallel.Parallel_class1" name="tets2" time="0.001"/>
  <testcase classname="Class52_Parallel.Parallel_class1" name="tets3" time="0.001"/>
</testsuite> <!-- Class52_Parallel.Parallel_class1 -->
