<?xml version="1.0" encoding="UTF-8"?>
<!-- Generated by org.testng.reporters.JUnitReportReporter -->
<testsuite hostname="DESKTOP-QHVMIJE" failures="0" tests="3" name="Class51_CrossBrsTesting.ParallelBrowser" time="8.758" errors="0" timestamp="2024-10-26T19:35:50 CEST" skipped="0">
  <testcase classname="Class51_CrossBrsTesting.ParallelBrowser" name="test" time="3.241"/>
  <testcase classname="Class51_CrossBrsTesting.ParallelBrowser" name="test" time="1.730"/>
  <testcase classname="Class51_CrossBrsTesting.ParallelBrowser" name="test" time="3.787"/>
</testsuite> <!-- Class51_CrossBrsTesting.ParallelBrowser -->
