<?xml version="1.0" encoding="UTF-8"?>
<!-- Generated by org.testng.reporters.JUnitReportReporter -->
<testsuite hostname="DESKTOP-QHVMIJE" failures="0" tests="1" name="Class51_CrossBrsTesting.SimpleParam_1" time="0.008" errors="0" timestamp="2024-10-26T13:34:36 CEST" skipped="0">
  <testcase classname="Class51_CrossBrsTesting.SimpleParam_1" name="test1" time="0.008"/>
</testsuite> <!-- Class51_CrossBrsTesting.SimpleParam_1 -->
